0 info it worked if it ends with ok
1 verbose cli [ 'node', '/usr/bin/npm', 'install', 'node-mysql-libmysqlclient' ]
2 info using npm@1.1.59
3 info using node@v0.9.1
4 verbose read json /home/kleber/package.json
5 verbose read json /home/kleber/node_modules/connect/package.json
6 verbose read json /home/kleber/node_modules/mysql/package.json
7 verbose read json /home/kleber/node_modules/mongoose/package.json
8 verbose read json /home/kleber/node_modules/express/package.json
9 verbose read json /home/kleber/node_modules/ejs/package.json
10 verbose read json /home/kleber/package.json
11 verbose cache add [ 'node-mysql-libmysqlclient', null ]
12 silly cache add name=undefined spec="node-mysql-libmysqlclient" args=["node-mysql-libmysqlclient",null]
13 verbose parsed url { pathname: 'node-mysql-libmysqlclient',
13 verbose parsed url   path: 'node-mysql-libmysqlclient',
13 verbose parsed url   href: 'node-mysql-libmysqlclient' }
14 silly lockFile 8d5cdcba-node-mysql-libmysqlclient node-mysql-libmysqlclient
15 verbose lock node-mysql-libmysqlclient /home/kleber/.npm/8d5cdcba-node-mysql-libmysqlclient.lock
16 silly lockFile 8d5cdcba-node-mysql-libmysqlclient node-mysql-libmysqlclient
17 verbose addNamed [ 'node-mysql-libmysqlclient', '' ]
18 verbose addNamed [ null, '' ]
19 silly lockFile 03a1e0f2-node-mysql-libmysqlclient node-mysql-libmysqlclient@
20 verbose lock node-mysql-libmysqlclient@ /home/kleber/.npm/03a1e0f2-node-mysql-libmysqlclient.lock
21 silly addNameRange { name: 'node-mysql-libmysqlclient', range: '', hasData: false }
22 verbose url raw node-mysql-libmysqlclient
23 verbose url resolving [ 'https://registry.npmjs.org/', './node-mysql-libmysqlclient' ]
24 verbose url resolved https://registry.npmjs.org/node-mysql-libmysqlclient
25 info retry registry request attempt 1 at 00:12:09
26 http GET https://registry.npmjs.org/node-mysql-libmysqlclient
27 http 404 https://registry.npmjs.org/node-mysql-libmysqlclient
28 silly registry.get cb [ 404,
28 silly registry.get   { server: 'CouchDB/1.2.0 (Erlang OTP/R15B)',
28 silly registry.get     date: 'Tue, 04 Dec 2012 02:11:27 GMT',
28 silly registry.get     'content-type': 'application/json',
28 silly registry.get     'content-length': '52',
28 silly registry.get     'cache-control': 'must-revalidate' } ]
29 silly lockFile 03a1e0f2-node-mysql-libmysqlclient node-mysql-libmysqlclient@
30 error 404 'node-mysql-libmysqlclient' is not in the npm registry.
30 error 404 You should bug the author to publish it
30 error 404
30 error 404 Maybe try 'npm search mysql libmysqlclient'
30 error 404
30 error 404 Note that you can also install from a
30 error 404 tarball, folder, or http url, or git url.
31 error System Linux 3.0.26-tuxonice
32 error command "node" "/usr/bin/npm" "install" "node-mysql-libmysqlclient"
33 error cwd /home/kleber/una/RIA/RIA/nodeJS
34 error node -v v0.9.1
35 error npm -v 1.1.59
36 error code E404
37 verbose exit [ 1, true ]
